# JRE version: OpenJDK Runtime Environment Temurin-17.0.7+7 (17.0.7+7) (build 17.0.7+7)
# Java VM: OpenJDK 64-Bit Server VM Temurin-17.0.7+7 (17.0.7+7, mixed mode, emulated-client, tiered, compressed oops, compressed class ptrs, g1 gc, windows-amd64)
GC Precious Log:
 CPUs: 16 total, 16 available
 Memory: 16004M
 Large Page Support: Disabled
 NUMA Support: Disabled
 Compressed Oops: Enabled (32-bit)
 Heap Region Size: 1M
 Heap Min Capacity: 8M
 Heap Initial Capacity: 252M
 Heap Max Capacity: 1G
 Pre-touch: Disabled
 Parallel Workers: 13
 Concurrent Workers: 3
 Concurrent Refinement Workers: 13
 Periodic GC: Disabled
Heap:
 garbage-first heap   total 321536K, used 95715K [0x00000000c0000000, 0x0000000100000000)
  region size 1024K, 1 young (1024K), 0 survivors (0K)
 Metaspace       used 79165K, committed 79744K, reserved 1179648K
  class space    used 10468K, committed 10752K, reserved 1048576K
GC Heap History (20 events):
Event: 1399276.018 GC heap before
{Heap before GC invocations=75800 (full 74780):
 garbage-first heap   total 321536K, used 95715K [0x00000000c0000000, 0x0000000100000000)
  region size 1024K, 1 young (1024K), 0 survivors (0K)
 Metaspace       used 79165K, committed 79744K, reserved 1179648K
  class space    used 10468K, committed 10752K, reserved 1048576K
}
Event: 1399276.071 GC heap after
{Heap after GC invocations=75801 (full 74781):
 garbage-first heap   total 321536K, used 95715K [0x00000000c0000000, 0x0000000100000000)
  region size 1024K, 0 young (0K), 0 survivors (0K)
 Metaspace       used 79165K, committed 79744K, reserved 1179648K
  class space    used 10468K, committed 10752K, reserved 1048576K
}
Event: 1399286.437 GC heap before
{Heap before GC invocations=75801 (full 74781):
 garbage-first heap   total 321536K, used 95715K [0x00000000c0000000, 0x0000000100000000)
  region size 1024K, 1 young (1024K), 0 survivors (0K)
 Metaspace       used 79165K, committed 79744K, reserved 1179648K
  class space    used 10468K, committed 10752K, reserved 1048576K
}
Event: 1399286.492 GC heap after
{Heap after GC invocations=75802 (full 74782):
 garbage-first heap   total 321536K, used 95715K [0x00000000c0000000, 0x0000000100000000)
  region size 1024K, 0 young (0K), 0 survivors (0K)
 Metaspace       used 79165K, committed 79744K, reserved 1179648K
  class space    used 10468K, committed 10752K, reserved 1048576K
}
Event: 1399296.833 GC heap before
{Heap before GC invocations=75802 (full 74782):
 garbage-first heap   total 321536K, used 95715K [0x00000000c0000000, 0x0000000100000000)
  region size 1024K, 1 young (1024K), 0 survivors (0K)
 Metaspace       used 79165K, committed 79744K, reserved 1179648K
  class space    used 10468K, committed 10752K, reserved 1048576K
}
Event: 1399296.891 GC heap after
{Heap after GC invocations=75803 (full 74783):
 garbage-first heap   total 321536K, used 95715K [0x00000000c0000000, 0x0000000100000000)
  region size 1024K, 0 young (0K), 0 survivors (0K)
 Metaspace       used 79165K, committed 79744K, reserved 1179648K
  class space    used 10468K, committed 10752K, reserved 1048576K
}
Event: 1399307.235 GC heap before
{Heap before GC invocations=75803 (full 74783):
 garbage-first heap   total 321536K, used 95715K [0x00000000c0000000, 0x0000000100000000)
  region size 1024K, 1 young (1024K), 0 survivors (0K)
 Metaspace       used 79165K, committed 79744K, reserved 1179648K
  class space    used 10468K, committed 10752K, reserved 1048576K
}
Event: 1399307.290 GC heap after
{Heap after GC invocations=75804 (full 74784):
 garbage-first heap   total 321536K, used 95715K [0x00000000c0000000, 0x0000000100000000)
  region size 1024K, 0 young (0K), 0 survivors (0K)
 Metaspace       used 79165K, committed 79744K, reserved 1179648K
  class space    used 10468K, committed 10752K, reserved 1048576K
}
Event: 1399317.703 GC heap before
{Heap before GC invocations=75804 (full 74784):
 garbage-first heap   total 321536K, used 95715K [0x00000000c0000000, 0x0000000100000000)
  region size 1024K, 1 young (1024K), 0 survivors (0K)
 Metaspace       used 79165K, committed 79744K, reserved 1179648K
  class space    used 10468K, committed 10752K, reserved 1048576K
}
Event: 1399317.765 GC heap after
{Heap after GC invocations=75805 (full 74785):
 garbage-first heap   total 321536K, used 95715K [0x00000000c0000000, 0x0000000100000000)
  region size 1024K, 0 young (0K), 0 survivors (0K)
 Metaspace       used 79165K, committed 79744K, reserved 1179648K
  class space    used 10468K, committed 10752K, reserved 1048576K
}
Event: 1399328.115 GC heap before
{Heap before GC invocations=75805 (full 74785):
 garbage-first heap   total 321536K, used 95715K [0x00000000c0000000, 0x0000000100000000)
  region size 1024K, 1 young (1024K), 0 survivors (0K)
 Metaspace       used 79165K, committed 79744K, reserved 1179648K
  class space    used 10468K, committed 10752K, reserved 1048576K
}
Event: 1399328.173 GC heap after
{Heap after GC invocations=75806 (full 74786):
 garbage-first heap   total 321536K, used 95715K [0x00000000c0000000, 0x0000000100000000)
  region size 1024K, 0 young (0K), 0 survivors (0K)
 Metaspace       used 79165K, committed 79744K, reserved 1179648K
  class space    used 10468K, committed 10752K, reserved 1048576K
}
Event: 1399338.557 GC heap before
{Heap before GC invocations=75806 (full 74786):
 garbage-first heap   total 321536K, used 95715K [0x00000000c0000000, 0x0000000100000000)
  region size 1024K, 1 young (1024K), 0 survivors (0K)
 Metaspace       used 79165K, committed 79744K, reserved 1179648K
  class space    used 10468K, committed 10752K, reserved 1048576K
}
Event: 1399338.616 GC heap after
{Heap after GC invocations=75807 (full 74787):
 garbage-first heap   total 321536K, used 95715K [0x00000000c0000000, 0x0000000100000000)
  region size 1024K, 0 young (0K), 0 survivors (0K)
 Metaspace       used 79165K, committed 79744K, reserved 1179648K
  class space    used 10468K, committed 10752K, reserved 1048576K
}
Event: 1399348.990 GC heap before
{Heap before GC invocations=75807 (full 74787):
 garbage-first heap   total 321536K, used 95715K [0x00000000c0000000, 0x0000000100000000)
  region size 1024K, 1 young (1024K), 0 survivors (0K)
 Metaspace       used 79165K, committed 79744K, reserved 1179648K
  class space    used 10468K, committed 10752K, reserved 1048576K
}
Event: 1399349.045 GC heap after
{Heap after GC invocations=75808 (full 74788):
 garbage-first heap   total 321536K, used 95715K [0x00000000c0000000, 0x0000000100000000)
  region size 1024K, 0 young (0K), 0 survivors (0K)
 Metaspace       used 79165K, committed 79744K, reserved 1179648K
  class space    used 10468K, committed 10752K, reserved 1048576K
}
Event: 1399359.396 GC heap before
{Heap before GC invocations=75808 (full 74788):
 garbage-first heap   total 321536K, used 95715K [0x00000000c0000000, 0x0000000100000000)
  region size 1024K, 1 young (1024K), 0 survivors (0K)
 Metaspace       used 79165K, committed 79744K, reserved 1179648K
  class space    used 10468K, committed 10752K, reserved 1048576K
}
Event: 1399359.451 GC heap after
{Heap after GC invocations=75809 (full 74789):
 garbage-first heap   total 321536K, used 95715K [0x00000000c0000000, 0x0000000100000000)
  region size 1024K, 0 young (0K), 0 survivors (0K)
 Metaspace       used 79165K, committed 79744K, reserved 1179648K
  class space    used 10468K, committed 10752K, reserved 1048576K
}
Event: 1399369.803 GC heap before
{Heap before GC invocations=75809 (full 74789):
 garbage-first heap   total 321536K, used 95715K [0x00000000c0000000, 0x0000000100000000)
  region size 1024K, 1 young (1024K), 0 survivors (0K)
 Metaspace       used 79165K, committed 79744K, reserved 1179648K
  class space    used 10468K, committed 10752K, reserved 1048576K
}
Event: 1399369.862 GC heap after
{Heap after GC invocations=75810 (full 74790):
 garbage-first heap   total 321536K, used 95715K [0x00000000c0000000, 0x0000000100000000)
  region size 1024K, 0 young (0K), 0 survivors (0K)
 Metaspace       used 79165K, committed 79744K, reserved 1179648K
  class space    used 10468K, committed 10752K, reserved 1048576K
}

